Here are the results of some automated unit tests:

Please Enter your name:Hello , and hello world!
* Test #1 FAILED: string_compare() failed before test due to a TypeError: string_compare() missing 1 required positional argument: 'string2'

* Test #2 passed: string_append() should append second argument to first argument

* Test #3 passed: is_spam() should classify 'Special Offer !' as spam

* Test #4 FAILED: is_spam() failed to classify 'Re: Fwd: Coupons' as spam!

* Test #5 passed: is_spam() should classify 'Greeting ,' as spam

* Test #6 FAILED: is_spam() failed to not classify 'Special Offer!' as spam!

* Test #7 FAILED: is_spam() failed to not classify 'Greetings,' as spam!

* Test #8 passed: first_five_letters() should return the first five letters of the string

* Test #9 passed: favorite_color() should return 'Seafoam' when input is 'Sami'

* Test #10 passed: favorite_color() should return 'Green' when input is 'Robert'

* Test #11 passed: favorite_color() should return 'Purple' when input is 'Jesse'

* Test #12 passed: favorite_color() should return 'Blue' when input is 'Jack'

* Test #13 FAILED: calculate_shipping_costs() failed to return 5 * 19.75!

* Test #14 FAILED: calculate_shipping_costs() failed to return 5 * 12.50!


