Here are the results of some automated unit tests:

* Test #1 FAILED: string_compare() failed before test due to a TypeError: string_compare() missing 1 required positional argument: 's2'

* Test #2 FAILED: string_append() failed before test due to a NameError: name 'string_append' is not defined

* Test #3 FAILED: is_spam() failed to classify 'Special Offer !' as spam!

* Test #4 FAILED: is_spam() failed to classify 'Re: Fwd: Coupons' as spam!

* Test #5 passed: is_spam() should classify 'Greeting ,' as spam

* Test #6 passed: is_spam() should not classify 'Special Offer!' as spam

* Test #7 passed: is_spam() should not classify 'Greetings,' as spam

* Test #8 passed: first_five_letters() should return the first five letters of the string

* Test #9 FAILED: favorte_color() failed before test due to a NameError: name 'Michelle' is not defined

* Test #10 FAILED: favorte_color() failed before test due to a NameError: name 'Michelle' is not defined

* Test #11 FAILED: favorte_color() failed before test due to a NameError: name 'Michelle' is not defined

* Test #12 passed: favorite_color() should return 'Blue' when input is 'Jack'

* Test #13 passed: calculate_shipping_costs() should return 5 * 19.75

* Test #14 passed: calculate_shipping_costs() should return 5 * 12.50


