Here are the results of some automated unit tests:

String this is a test, and string compare!
Greeting
Fwd:Coupons
Special Offer
Greeting
Fwd:Coupons
Special Offer
Greeting
Fwd:Coupons
Special Offer
Greeting
Fwd:Coupons
Special Offer
Greeting
Fwd:Coupons
Special Offer
First Abcdefghijklmnopqrstuvqxyz, and first five letters!
* Test #1 FAILED: string_compare() failed to return true if strings are the same!

* Test #2 FAILED: string_append() failed before test due to a TypeError: string_append() takes 1 positional argument but 2 were given

* Test #3 FAILED: is_spam() failed to classify 'Special Offer !' as spam!

* Test #4 FAILED: is_spam() failed to classify 'Re: Fwd: Coupons' as spam!

* Test #5 FAILED: is_spam() failed to classify 'Greeting ,' as spam!

* Test #6 FAILED: is_spam() failed to not classify 'Special Offer!' as spam!

* Test #7 FAILED: is_spam() failed to not classify 'Greetings,' as spam!

* Test #8 FAILED: first_five_letters() failed to return the first five letters of the string!

* Test #9 FAILED: favorte_color() failed before test due to a NameError: name 'Mike' is not defined

* Test #10 FAILED: favorte_color() failed before test due to a NameError: name 'Mike' is not defined

* Test #11 FAILED: favorte_color() failed before test due to a NameError: name 'Mike' is not defined

* Test #12 FAILED: favorte_color() failed before test due to a NameError: name 'Mike' is not defined

* Test #13 FAILED: calculate_shipping_costs() failed before test due to a NameError: name 'calculate_shipping_costs' is not defined

* Test #14 FAILED: calculate_shipping_costs() failed before test due to a NameError: name 'calculate_shipping_costs' is not defined


