Here are the results of some automated unit tests:

true
The dog was the color red
12345
22.5
Blue
true
* Test #1 FAILED: string_compare() failed before test due to a NameError: name 'string_compare' is not defined

* Test #2 FAILED: string_append() failed before test due to a NameError: name 'string_append' is not defined

* Test #3 FAILED: is_spam() failed before test due to a NameError: name 'is_spam' is not defined

* Test #4 FAILED: is_spam() failed before test due to a NameError: name 'is_spam' is not defined

* Test #5 FAILED: is_spam() failed before test due to a NameError: name 'is_spam' is not defined

* Test #6 FAILED: is_spam() failed before test due to a NameError: name 'is_spam' is not defined

* Test #7 FAILED: is_spam() failed before test due to a NameError: name 'is_spam' is not defined

* Test #8 FAILED: first_five_letters() failed before test due to a NameError: name 'first_five_letters' is not defined

* Test #9 FAILED: favorte_color() failed before test due to a NameError: name 'favorite_color' is not defined

* Test #10 FAILED: favorte_color() failed before test due to a NameError: name 'favorite_color' is not defined

* Test #11 FAILED: favorte_color() failed before test due to a NameError: name 'favorite_color' is not defined

* Test #12 FAILED: favorte_color() failed before test due to a NameError: name 'favorite_color' is not defined

* Test #13 FAILED: calculate_shipping_costs() failed before test due to a NameError: name 'calculate_shipping_costs' is not defined

* Test #14 FAILED: calculate_shipping_costs() failed before test due to a NameError: name 'calculate_shipping_costs' is not defined


