Pizza Parlor Tool
===================================================================
Enter Size (S, M, or L; Default: M)> Enter Sauce (R or W; Default: R)> Enter the letter of your choice: 
[A] Specialty Pizza
[B] Custom Two-Topping Pizza
-------------------------------------------------------------------
Selection (default A): Cost to make: $0
Sale price: $0.0
Total profit: $0.0
Test #1 FAILED: get_specialty_cost() failed before test due to a NameError: name 'get_specialty_cost' is not defined
Test #2 FAILED: get_specialty_cost() failed before test due to a NameError: name 'get_specialty_cost' is not defined
Test #3 FAILED: get_specialty_cost() failed before test due to a NameError: name 'get_specialty_cost' is not defined
Test #4 FAILED: get_specialty_cost() failed before test due to a NameError: name 'get_specialty_cost' is not defined
Test #5 FAILED: get_specialty_cost() failed before test due to a NameError: name 'get_specialty_cost' is not defined
Test #6 FAILED: get_topping_cost() failed before test due to a NameError: name 'get_topping_cost' is not defined
Test #7 FAILED: get_topping_cost() failed before test due to a NameError: name 'get_topping_cost' is not defined
Test #8 FAILED: get_topping_cost() failed before test due to a NameError: name 'get_topping_cost' is not defined
Test #9 FAILED: get_topping_cost() failed before test due to a NameError: name 'get_topping_cost' is not defined
Test #10 FAILED: get_topping_cost() failed before test due to a NameError: name 'get_topping_cost' is not defined
Test #11 FAILED: get_topping_cost() failed before test due to a NameError: name 'get_topping_cost' is not defined
Test #12 FAILED: get_topping_cost() failed before test due to a NameError: name 'get_topping_cost' is not defined
Test #13 FAILED: get_topping_cost() failed before test due to a NameError: name 'get_topping_cost' is not defined
Test #14 FAILED: get_specialty_cost() failed before test due to a NameError: name 'get_specialty_cost' is not defined
Test #15 FAILED: get_specialty_cost() failed before test due to a NameError: name 'get_specialty_cost' is not defined
Test #16 FAILED: get_specialty_cost() failed before test due to a NameError: name 'get_specialty_cost' is not defined
Test #17 FAILED: get_specialty_cost() failed before test due to a NameError: name 'get_specialty_cost' is not defined
Test #18 FAILED: get_specialty_cost() failed before test due to a NameError: name 'get_specialty_cost' is not defined
Test #19 FAILED: get_size_cost() failed before test due to a NameError: name 'get_size_cost' is not defined
Test #20 FAILED: get_size_cost() failed before test due to a NameError: name 'get_size_cost' is not defined
Test #21 FAILED: get_size_cost() failed before test due to a NameError: name 'get_size_cost' is not defined
Test #22 FAILED: get_sauce_cost() failed before test due to a NameError: name 'get_sauce_cost' is not defined
Test #23 FAILED: get_sauce_cost() failed before test due to a NameError: name 'get_sauce_cost' is not defined

